/media/charles/3339-3530/GitHub/OE4OOP/Animals/person.e:12
<0052>:: can't find 'string.e' in any of ...
	/media/charles/3339-3530/GitHub/OE4OOP/Animals
	/media/charles/3339-3530/GitHub/OE4OOP/Animals/chestnut.ex
	/media/charles/3339-3530/GitHub/OE4OOP/Animals/../../CANOE
	/media/charles/3339-3530/GitHub/OE4OOP/Animals/..
	/usr/local/include

    include string.e -- for 'string'
                      ^


--- Defined Words ---
EU4
EU4_1
EU4_1_0
CONSOLE
UNIX
LINUX
X86_64
BITS64
LONG64
E64
EUI
-------------------
